2025-03-28T14:22:44.037-07:00  INFO 29576 --- [casino] [main] o.o.c.c.AuthenticationControllerTest     : Starting AuthenticationControllerTest using Java 17.0.10 with PID 29576 (started by w_hun in C:\Work\java\Workspace\casino)
2025-03-28T14:22:44.042-07:00  INFO 29576 --- [casino] [main] o.o.c.c.AuthenticationControllerTest     : No active profile set, falling back to 1 default profile: "default"
2025-03-28T14:22:44.836-07:00  INFO 29576 --- [casino] [main] .s.d.r.c.RepositoryConfigurationDelegate : Bootstrapping Spring Data JPA repositories in DEFAULT mode.
2025-03-28T14:22:44.909-07:00  INFO 29576 --- [casino] [main] .s.d.r.c.RepositoryConfigurationDelegate : Finished Spring Data repository scanning in 59 ms. Found 4 JPA repository interfaces.
2025-03-28T14:22:46.519-07:00  WARN 29576 --- [casino] [main] trationDelegate$BeanPostProcessorChecker : Bean 'org.springframework.ws.config.annotation.DelegatingWsConfiguration' of type [org.springframework.ws.config.annotation.DelegatingWsConfiguration$$SpringCGLIB$$0] is not eligible for getting processed by all BeanPostProcessors (for example: not eligible for auto-proxying). The currently created BeanPostProcessor [annotationActionEndpointMapping] is declared through a non-static factory method on that class; consider declaring it as static instead.
2025-03-28T14:22:46.631-07:00  INFO 29576 --- [casino] [main] .w.s.a.s.AnnotationActionEndpointMapping : Supporting [WS-Addressing August 2004, WS-Addressing 1.0]
2025-03-28T14:22:47.078-07:00  INFO 29576 --- [casino] [main] o.hibernate.jpa.internal.util.LogHelper  : HHH000204: Processing PersistenceUnitInfo [name: default]
2025-03-28T14:22:47.268-07:00  INFO 29576 --- [casino] [main] org.hibernate.Version                    : HHH000412: Hibernate ORM core version 6.5.2.Final
2025-03-28T14:22:47.355-07:00  INFO 29576 --- [casino] [main] o.h.c.internal.RegionFactoryInitiator    : HHH000026: Second-level cache disabled
2025-03-28T14:22:47.506-07:00  INFO 29576 --- [casino] [main] com.zaxxer.hikari.HikariDataSource       : HikariPool-1 - Starting...
2025-03-28T14:22:47.741-07:00  INFO 29576 --- [casino] [main] com.zaxxer.hikari.pool.HikariPool        : HikariPool-1 - Added connection org.postgresql.jdbc.PgConnection@4d0abb23
2025-03-28T14:22:47.744-07:00  INFO 29576 --- [casino] [main] com.zaxxer.hikari.HikariDataSource       : HikariPool-1 - Start completed.
2025-03-28T14:22:48.007-07:00  INFO 29576 --- [casino] [main] o.s.o.j.p.SpringPersistenceUnitInfo      : No LoadTimeWeaver setup: ignoring JPA class transformer
2025-03-28T14:22:49.277-07:00  INFO 29576 --- [casino] [main] o.h.e.t.j.p.i.JtaPlatformInitiator       : HHH000489: No JTA platform available (set 'hibernate.transaction.jta.platform' to enable JTA platform integration)
2025-03-28T14:22:49.435-07:00  INFO 29576 --- [casino] [main] j.LocalContainerEntityManagerFactoryBean : Initialized JPA EntityManagerFactory for persistence unit 'default'
2025-03-28T14:22:49.901-07:00  INFO 29576 --- [casino] [main] o.s.d.j.r.query.QueryEnhancerFactory     : Hibernate is in classpath; If applicable, HQL parser will be used.
2025-03-28T14:22:51.058-07:00  INFO 29576 --- [casino] [main] eAuthenticationProviderManagerConfigurer : Global AuthenticationManager configured with AuthenticationProvider bean with name authenticationProvider
2025-03-28T14:22:51.059-07:00  WARN 29576 --- [casino] [main] r$InitializeUserDetailsManagerConfigurer : Global AuthenticationManager configured with an AuthenticationProvider bean. UserDetailsService beans will not be used for username/password login. Consider removing the AuthenticationProvider bean. Alternatively, consider using the UserDetailsService in a manually instantiated DaoAuthenticationProvider.
2025-03-28T14:22:52.133-07:00  INFO 29576 --- [casino] [main] o.s.b.t.m.w.SpringBootMockServletContext : Initializing Spring TestDispatcherServlet ''
2025-03-28T14:22:52.133-07:00  INFO 29576 --- [casino] [main] o.s.t.web.servlet.TestDispatcherServlet  : Initializing Servlet ''
2025-03-28T14:22:52.135-07:00  INFO 29576 --- [casino] [main] o.s.t.web.servlet.TestDispatcherServlet  : Completed initialization in 2 ms
2025-03-28T14:22:52.168-07:00  INFO 29576 --- [casino] [main] o.o.c.c.AuthenticationControllerTest     : Started AuthenticationControllerTest in 8.534 seconds (process running for 10.513)
2025-03-28T14:22:52.625-07:00  INFO 29576 --- [casino] [main] t.c.s.AnnotationConfigContextLoaderUtils : Could not detect default configuration classes for test class [org.omega.casino.services.BetServiceTest]: BetServiceTest does not declare any static, non-private, non-final, nested classes annotated with @Configuration.
2025-03-28T14:22:52.641-07:00  INFO 29576 --- [casino] [main] .b.t.c.SpringBootTestContextBootstrapper : Found @SpringBootConfiguration org.omega.casino.CasinoApplication for test class org.omega.casino.services.BetServiceTest
2025-03-28T14:22:52.682-07:00  INFO 29576 --- [casino] [main] o.omega.casino.services.BetServiceTest   : Starting BetServiceTest using Java 17.0.10 with PID 29576 (started by w_hun in C:\Work\java\Workspace\casino)
2025-03-28T14:22:52.682-07:00  INFO 29576 --- [casino] [main] o.omega.casino.services.BetServiceTest   : The following 1 profile is active: "test"
2025-03-28T14:22:52.894-07:00  INFO 29576 --- [casino] [main] .s.d.r.c.RepositoryConfigurationDelegate : Bootstrapping Spring Data JPA repositories in DEFAULT mode.
2025-03-28T14:22:52.907-07:00  INFO 29576 --- [casino] [main] .s.d.r.c.RepositoryConfigurationDelegate : Finished Spring Data repository scanning in 13 ms. Found 4 JPA repository interfaces.
2025-03-28T14:22:52.967-07:00  WARN 29576 --- [casino] [main] trationDelegate$BeanPostProcessorChecker : Bean 'org.springframework.ws.config.annotation.DelegatingWsConfiguration' of type [org.springframework.ws.config.annotation.DelegatingWsConfiguration$$SpringCGLIB$$0] is not eligible for getting processed by all BeanPostProcessors (for example: not eligible for auto-proxying). The currently created BeanPostProcessor [annotationActionEndpointMapping] is declared through a non-static factory method on that class; consider declaring it as static instead.
2025-03-28T14:22:52.969-07:00  INFO 29576 --- [casino] [main] .w.s.a.s.AnnotationActionEndpointMapping : Supporting [WS-Addressing August 2004, WS-Addressing 1.0]
2025-03-28T14:22:52.996-07:00  INFO 29576 --- [casino] [main] o.hibernate.jpa.internal.util.LogHelper  : HHH000204: Processing PersistenceUnitInfo [name: default]
2025-03-28T14:22:52.999-07:00  INFO 29576 --- [casino] [main] o.h.c.internal.RegionFactoryInitiator    : HHH000026: Second-level cache disabled
2025-03-28T14:22:53.003-07:00  INFO 29576 --- [casino] [main] com.zaxxer.hikari.HikariDataSource       : HikariPool-2 - Starting...
2025-03-28T14:22:53.208-07:00  INFO 29576 --- [casino] [main] com.zaxxer.hikari.pool.HikariPool        : HikariPool-2 - Added connection conn0: url=jdbc:h2:mem:testdb user=SA
2025-03-28T14:22:53.209-07:00  INFO 29576 --- [casino] [main] com.zaxxer.hikari.HikariDataSource       : HikariPool-2 - Start completed.
2025-03-28T14:22:53.215-07:00  WARN 29576 --- [casino] [main] org.hibernate.orm.deprecation            : HHH90000025: H2Dialect does not need to be specified explicitly using 'hibernate.dialect' (remove the property setting and it will be selected by default)
2025-03-28T14:22:53.228-07:00  INFO 29576 --- [casino] [main] o.s.o.j.p.SpringPersistenceUnitInfo      : No LoadTimeWeaver setup: ignoring JPA class transformer
2025-03-28T14:22:53.340-07:00  INFO 29576 --- [casino] [main] o.h.e.t.j.p.i.JtaPlatformInitiator       : HHH000489: No JTA platform available (set 'hibernate.transaction.jta.platform' to enable JTA platform integration)
2025-03-28T14:22:53.384-07:00  INFO 29576 --- [casino] [main] j.LocalContainerEntityManagerFactoryBean : Initialized JPA EntityManagerFactory for persistence unit 'default'
2025-03-28T14:22:53.484-07:00  INFO 29576 --- [casino] [main] eAuthenticationProviderManagerConfigurer : Global AuthenticationManager configured with AuthenticationProvider bean with name authenticationProvider
2025-03-28T14:22:53.486-07:00  WARN 29576 --- [casino] [main] r$InitializeUserDetailsManagerConfigurer : Global AuthenticationManager configured with an AuthenticationProvider bean. UserDetailsService beans will not be used for username/password login. Consider removing the AuthenticationProvider bean. Alternatively, consider using the UserDetailsService in a manually instantiated DaoAuthenticationProvider.
2025-03-28T14:22:53.611-07:00  INFO 29576 --- [casino] [main] o.s.b.a.h2.H2ConsoleAutoConfiguration    : H2 console available at '/h2-console'. Database available at 'jdbc:h2:mem:testdb'
2025-03-28T14:22:53.652-07:00  INFO 29576 --- [casino] [main] o.omega.casino.services.BetServiceTest   : Started BetServiceTest in 1.008 seconds (process running for 11.998)
2025-03-28T14:22:54.295-07:00  INFO 29576 --- [casino] [main] t.c.s.AnnotationConfigContextLoaderUtils : Could not detect default configuration classes for test class [org.omega.casino.services.GameServiceTest]: GameServiceTest does not declare any static, non-private, non-final, nested classes annotated with @Configuration.
2025-03-28T14:22:54.296-07:00  INFO 29576 --- [casino] [main] .b.t.c.SpringBootTestContextBootstrapper : Found @SpringBootConfiguration org.omega.casino.CasinoApplication for test class org.omega.casino.services.GameServiceTest
2025-03-28T14:22:54.400-07:00  INFO 29576 --- [casino] [main] t.c.s.AnnotationConfigContextLoaderUtils : Could not detect default configuration classes for test class [org.omega.casino.services.GameUploadServiceTest]: GameUploadServiceTest does not declare any static, non-private, non-final, nested classes annotated with @Configuration.
2025-03-28T14:22:54.402-07:00  INFO 29576 --- [casino] [main] .b.t.c.SpringBootTestContextBootstrapper : Found @SpringBootConfiguration org.omega.casino.CasinoApplication for test class org.omega.casino.services.GameUploadServiceTest
2025-03-28T14:22:54.421-07:00  INFO 29576 --- [casino] [main] o.o.c.services.GameUploadServiceTest     : Starting GameUploadServiceTest using Java 17.0.10 with PID 29576 (started by w_hun in C:\Work\java\Workspace\casino)
2025-03-28T14:22:54.421-07:00  INFO 29576 --- [casino] [main] o.o.c.services.GameUploadServiceTest     : No active profile set, falling back to 1 default profile: "default"
2025-03-28T14:22:54.547-07:00  INFO 29576 --- [casino] [main] .s.d.r.c.RepositoryConfigurationDelegate : Bootstrapping Spring Data JPA repositories in DEFAULT mode.
2025-03-28T14:22:54.563-07:00  INFO 29576 --- [casino] [main] .s.d.r.c.RepositoryConfigurationDelegate : Finished Spring Data repository scanning in 14 ms. Found 4 JPA repository interfaces.
2025-03-28T14:22:54.793-07:00  WARN 29576 --- [casino] [main] trationDelegate$BeanPostProcessorChecker : Bean 'org.springframework.ws.config.annotation.DelegatingWsConfiguration' of type [org.springframework.ws.config.annotation.DelegatingWsConfiguration$$SpringCGLIB$$0] is not eligible for getting processed by all BeanPostProcessors (for example: not eligible for auto-proxying). The currently created BeanPostProcessor [annotationActionEndpointMapping] is declared through a non-static factory method on that class; consider declaring it as static instead.
2025-03-28T14:22:54.794-07:00  INFO 29576 --- [casino] [main] .w.s.a.s.AnnotationActionEndpointMapping : Supporting [WS-Addressing August 2004, WS-Addressing 1.0]
2025-03-28T14:22:54.819-07:00  INFO 29576 --- [casino] [main] o.hibernate.jpa.internal.util.LogHelper  : HHH000204: Processing PersistenceUnitInfo [name: default]
2025-03-28T14:22:54.822-07:00  INFO 29576 --- [casino] [main] o.h.c.internal.RegionFactoryInitiator    : HHH000026: Second-level cache disabled
2025-03-28T14:22:54.825-07:00  INFO 29576 --- [casino] [main] com.zaxxer.hikari.HikariDataSource       : HikariPool-3 - Starting...
2025-03-28T14:22:54.880-07:00  INFO 29576 --- [casino] [main] com.zaxxer.hikari.pool.HikariPool        : HikariPool-3 - Added connection org.postgresql.jdbc.PgConnection@21f34cf2
2025-03-28T14:22:54.880-07:00  INFO 29576 --- [casino] [main] com.zaxxer.hikari.HikariDataSource       : HikariPool-3 - Start completed.
2025-03-28T14:22:54.898-07:00  INFO 29576 --- [casino] [main] o.s.o.j.p.SpringPersistenceUnitInfo      : No LoadTimeWeaver setup: ignoring JPA class transformer
2025-03-28T14:22:54.969-07:00  INFO 29576 --- [casino] [main] o.h.e.t.j.p.i.JtaPlatformInitiator       : HHH000489: No JTA platform available (set 'hibernate.transaction.jta.platform' to enable JTA platform integration)
2025-03-28T14:22:55.041-07:00  INFO 29576 --- [casino] [main] j.LocalContainerEntityManagerFactoryBean : Initialized JPA EntityManagerFactory for persistence unit 'default'
2025-03-28T14:22:55.115-07:00  INFO 29576 --- [casino] [main] eAuthenticationProviderManagerConfigurer : Global AuthenticationManager configured with AuthenticationProvider bean with name authenticationProvider
2025-03-28T14:22:55.116-07:00  WARN 29576 --- [casino] [main] r$InitializeUserDetailsManagerConfigurer : Global AuthenticationManager configured with an AuthenticationProvider bean. UserDetailsService beans will not be used for username/password login. Consider removing the AuthenticationProvider bean. Alternatively, consider using the UserDetailsService in a manually instantiated DaoAuthenticationProvider.
2025-03-28T14:22:55.245-07:00  INFO 29576 --- [casino] [main] o.o.c.services.GameUploadServiceTest     : Started GameUploadServiceTest in 0.842 seconds (process running for 13.59)
2025-03-28T14:22:55.566-07:00  INFO 29576 --- [casino] [main] t.c.s.AnnotationConfigContextLoaderUtils : Could not detect default configuration classes for test class [org.omega.casino.services.AuthenticationServiceTest]: AuthenticationServiceTest does not declare any static, non-private, non-final, nested classes annotated with @Configuration.
2025-03-28T14:22:55.568-07:00  INFO 29576 --- [casino] [main] .b.t.c.SpringBootTestContextBootstrapper : Found @SpringBootConfiguration org.omega.casino.CasinoApplication for test class org.omega.casino.services.AuthenticationServiceTest
2025-03-28T14:22:55.596-07:00  INFO 29576 --- [casino] [main] o.o.c.s.AuthenticationServiceTest        : Starting AuthenticationServiceTest using Java 17.0.10 with PID 29576 (started by w_hun in C:\Work\java\Workspace\casino)
2025-03-28T14:22:55.596-07:00  INFO 29576 --- [casino] [main] o.o.c.s.AuthenticationServiceTest        : The following 1 profile is active: "test"
2025-03-28T14:22:55.719-07:00  INFO 29576 --- [casino] [main] .s.d.r.c.RepositoryConfigurationDelegate : Bootstrapping Spring Data JPA repositories in DEFAULT mode.
2025-03-28T14:22:55.731-07:00  INFO 29576 --- [casino] [main] .s.d.r.c.RepositoryConfigurationDelegate : Finished Spring Data repository scanning in 12 ms. Found 4 JPA repository interfaces.
2025-03-28T14:22:55.884-07:00  WARN 29576 --- [casino] [main] trationDelegate$BeanPostProcessorChecker : Bean 'org.springframework.ws.config.annotation.DelegatingWsConfiguration' of type [org.springframework.ws.config.annotation.DelegatingWsConfiguration$$SpringCGLIB$$0] is not eligible for getting processed by all BeanPostProcessors (for example: not eligible for auto-proxying). The currently created BeanPostProcessor [annotationActionEndpointMapping] is declared through a non-static factory method on that class; consider declaring it as static instead.
2025-03-28T14:22:55.884-07:00  INFO 29576 --- [casino] [main] .w.s.a.s.AnnotationActionEndpointMapping : Supporting [WS-Addressing August 2004, WS-Addressing 1.0]
2025-03-28T14:22:55.913-07:00  INFO 29576 --- [casino] [main] o.hibernate.jpa.internal.util.LogHelper  : HHH000204: Processing PersistenceUnitInfo [name: default]
2025-03-28T14:22:55.916-07:00  INFO 29576 --- [casino] [main] o.h.c.internal.RegionFactoryInitiator    : HHH000026: Second-level cache disabled
2025-03-28T14:22:55.920-07:00  INFO 29576 --- [casino] [main] com.zaxxer.hikari.HikariDataSource       : HikariPool-4 - Starting...
2025-03-28T14:22:55.920-07:00  INFO 29576 --- [casino] [main] com.zaxxer.hikari.pool.HikariPool        : HikariPool-4 - Added connection conn10: url=jdbc:h2:mem:testdb user=SA
2025-03-28T14:22:55.920-07:00  INFO 29576 --- [casino] [main] com.zaxxer.hikari.HikariDataSource       : HikariPool-4 - Start completed.
2025-03-28T14:22:55.922-07:00  WARN 29576 --- [casino] [main] org.hibernate.orm.deprecation            : HHH90000025: H2Dialect does not need to be specified explicitly using 'hibernate.dialect' (remove the property setting and it will be selected by default)
2025-03-28T14:22:55.927-07:00  INFO 29576 --- [casino] [main] o.s.o.j.p.SpringPersistenceUnitInfo      : No LoadTimeWeaver setup: ignoring JPA class transformer
2025-03-28T14:22:55.997-07:00  INFO 29576 --- [casino] [main] o.h.e.t.j.p.i.JtaPlatformInitiator       : HHH000489: No JTA platform available (set 'hibernate.transaction.jta.platform' to enable JTA platform integration)
2025-03-28T14:22:56.016-07:00  INFO 29576 --- [casino] [main] j.LocalContainerEntityManagerFactoryBean : Initialized JPA EntityManagerFactory for persistence unit 'default'
2025-03-28T14:22:56.106-07:00  INFO 29576 --- [casino] [main] eAuthenticationProviderManagerConfigurer : Global AuthenticationManager configured with AuthenticationProvider bean with name authenticationProvider
2025-03-28T14:22:56.106-07:00  WARN 29576 --- [casino] [main] r$InitializeUserDetailsManagerConfigurer : Global AuthenticationManager configured with an AuthenticationProvider bean. UserDetailsService beans will not be used for username/password login. Consider removing the AuthenticationProvider bean. Alternatively, consider using the UserDetailsService in a manually instantiated DaoAuthenticationProvider.
2025-03-28T14:22:56.194-07:00  INFO 29576 --- [casino] [main] o.s.b.a.h2.H2ConsoleAutoConfiguration    : H2 console available at '/h2-console'. Database available at 'jdbc:h2:mem:testdb'
2025-03-28T14:22:56.228-07:00  INFO 29576 --- [casino] [main] o.o.c.s.AuthenticationServiceTest        : Started AuthenticationServiceTest in 0.656 seconds (process running for 14.573)
2025-03-28T14:22:56.339-07:00  INFO 29576 --- [casino] [main] t.c.s.AnnotationConfigContextLoaderUtils : Could not detect default configuration classes for test class [org.omega.casino.controllers.PlayerControllerTest]: PlayerControllerTest does not declare any static, non-private, non-final, nested classes annotated with @Configuration.
2025-03-28T14:22:56.343-07:00  INFO 29576 --- [casino] [main] .b.t.c.SpringBootTestContextBootstrapper : Found @SpringBootConfiguration org.omega.casino.CasinoApplication for test class org.omega.casino.controllers.PlayerControllerTest
2025-03-28T14:22:56.363-07:00  INFO 29576 --- [casino] [main] o.o.c.controllers.PlayerControllerTest   : Starting PlayerControllerTest using Java 17.0.10 with PID 29576 (started by w_hun in C:\Work\java\Workspace\casino)
2025-03-28T14:22:56.364-07:00  INFO 29576 --- [casino] [main] o.o.c.controllers.PlayerControllerTest   : No active profile set, falling back to 1 default profile: "default"
2025-03-28T14:22:56.499-07:00  INFO 29576 --- [casino] [main] .s.d.r.c.RepositoryConfigurationDelegate : Bootstrapping Spring Data JPA repositories in DEFAULT mode.
2025-03-28T14:22:56.513-07:00  INFO 29576 --- [casino] [main] .s.d.r.c.RepositoryConfigurationDelegate : Finished Spring Data repository scanning in 13 ms. Found 4 JPA repository interfaces.
2025-03-28T14:22:56.631-07:00  WARN 29576 --- [casino] [main] trationDelegate$BeanPostProcessorChecker : Bean 'org.springframework.ws.config.annotation.DelegatingWsConfiguration' of type [org.springframework.ws.config.annotation.DelegatingWsConfiguration$$SpringCGLIB$$0] is not eligible for getting processed by all BeanPostProcessors (for example: not eligible for auto-proxying). The currently created BeanPostProcessor [annotationActionEndpointMapping] is declared through a non-static factory method on that class; consider declaring it as static instead.
2025-03-28T14:22:56.632-07:00  INFO 29576 --- [casino] [main] .w.s.a.s.AnnotationActionEndpointMapping : Supporting [WS-Addressing August 2004, WS-Addressing 1.0]
2025-03-28T14:22:56.655-07:00  INFO 29576 --- [casino] [main] o.hibernate.jpa.internal.util.LogHelper  : HHH000204: Processing PersistenceUnitInfo [name: default]
2025-03-28T14:22:56.658-07:00  INFO 29576 --- [casino] [main] o.h.c.internal.RegionFactoryInitiator    : HHH000026: Second-level cache disabled
2025-03-28T14:22:56.661-07:00  INFO 29576 --- [casino] [main] com.zaxxer.hikari.HikariDataSource       : HikariPool-5 - Starting...
2025-03-28T14:22:56.708-07:00  INFO 29576 --- [casino] [main] com.zaxxer.hikari.pool.HikariPool        : HikariPool-5 - Added connection org.postgresql.jdbc.PgConnection@43790f7a
2025-03-28T14:22:56.708-07:00  INFO 29576 --- [casino] [main] com.zaxxer.hikari.HikariDataSource       : HikariPool-5 - Start completed.
2025-03-28T14:22:56.720-07:00  INFO 29576 --- [casino] [main] o.s.o.j.p.SpringPersistenceUnitInfo      : No LoadTimeWeaver setup: ignoring JPA class transformer
2025-03-28T14:22:56.777-07:00  INFO 29576 --- [casino] [main] o.h.e.t.j.p.i.JtaPlatformInitiator       : HHH000489: No JTA platform available (set 'hibernate.transaction.jta.platform' to enable JTA platform integration)
2025-03-28T14:22:56.834-07:00  INFO 29576 --- [casino] [main] j.LocalContainerEntityManagerFactoryBean : Initialized JPA EntityManagerFactory for persistence unit 'default'
2025-03-28T14:22:56.897-07:00  INFO 29576 --- [casino] [main] eAuthenticationProviderManagerConfigurer : Global AuthenticationManager configured with AuthenticationProvider bean with name authenticationProvider
2025-03-28T14:22:56.897-07:00  WARN 29576 --- [casino] [main] r$InitializeUserDetailsManagerConfigurer : Global AuthenticationManager configured with an AuthenticationProvider bean. UserDetailsService beans will not be used for username/password login. Consider removing the AuthenticationProvider bean. Alternatively, consider using the UserDetailsService in a manually instantiated DaoAuthenticationProvider.
2025-03-28T14:22:57.041-07:00  INFO 29576 --- [casino] [main] o.s.b.t.m.w.SpringBootMockServletContext : Initializing Spring TestDispatcherServlet ''
2025-03-28T14:22:57.041-07:00  INFO 29576 --- [casino] [main] o.s.t.web.servlet.TestDispatcherServlet  : Initializing Servlet ''
2025-03-28T14:22:57.041-07:00  INFO 29576 --- [casino] [main] o.s.t.web.servlet.TestDispatcherServlet  : Completed initialization in 0 ms
2025-03-28T14:22:57.050-07:00  INFO 29576 --- [casino] [main] o.o.c.controllers.PlayerControllerTest   : Started PlayerControllerTest in 0.703 seconds (process running for 15.394)
2025-03-28T14:22:57.133-07:00  INFO 29576 --- [casino] [main] t.c.s.AnnotationConfigContextLoaderUtils : Could not detect default configuration classes for test class [org.omega.casino.controllers.GameControllerTest]: GameControllerTest does not declare any static, non-private, non-final, nested classes annotated with @Configuration.
2025-03-28T14:22:57.137-07:00  INFO 29576 --- [casino] [main] .b.t.c.SpringBootTestContextBootstrapper : Found @SpringBootConfiguration org.omega.casino.CasinoApplication for test class org.omega.casino.controllers.GameControllerTest
2025-03-28T14:22:57.155-07:00  INFO 29576 --- [casino] [main] o.o.c.controllers.GameControllerTest     : Starting GameControllerTest using Java 17.0.10 with PID 29576 (started by w_hun in C:\Work\java\Workspace\casino)
2025-03-28T14:22:57.155-07:00  INFO 29576 --- [casino] [main] o.o.c.controllers.GameControllerTest     : No active profile set, falling back to 1 default profile: "default"
2025-03-28T14:22:57.274-07:00  INFO 29576 --- [casino] [main] .s.d.r.c.RepositoryConfigurationDelegate : Bootstrapping Spring Data JPA repositories in DEFAULT mode.
2025-03-28T14:22:57.285-07:00  INFO 29576 --- [casino] [main] .s.d.r.c.RepositoryConfigurationDelegate : Finished Spring Data repository scanning in 10 ms. Found 4 JPA repository interfaces.
2025-03-28T14:22:57.478-07:00  WARN 29576 --- [casino] [main] trationDelegate$BeanPostProcessorChecker : Bean 'org.springframework.ws.config.annotation.DelegatingWsConfiguration' of type [org.springframework.ws.config.annotation.DelegatingWsConfiguration$$SpringCGLIB$$0] is not eligible for getting processed by all BeanPostProcessors (for example: not eligible for auto-proxying). The currently created BeanPostProcessor [annotationActionEndpointMapping] is declared through a non-static factory method on that class; consider declaring it as static instead.
2025-03-28T14:22:57.479-07:00  INFO 29576 --- [casino] [main] .w.s.a.s.AnnotationActionEndpointMapping : Supporting [WS-Addressing August 2004, WS-Addressing 1.0]
2025-03-28T14:22:57.504-07:00  INFO 29576 --- [casino] [main] o.hibernate.jpa.internal.util.LogHelper  : HHH000204: Processing PersistenceUnitInfo [name: default]
2025-03-28T14:22:57.506-07:00  INFO 29576 --- [casino] [main] o.h.c.internal.RegionFactoryInitiator    : HHH000026: Second-level cache disabled
2025-03-28T14:22:57.511-07:00  INFO 29576 --- [casino] [main] com.zaxxer.hikari.HikariDataSource       : HikariPool-6 - Starting...
2025-03-28T14:22:57.566-07:00  INFO 29576 --- [casino] [main] com.zaxxer.hikari.pool.HikariPool        : HikariPool-6 - Added connection org.postgresql.jdbc.PgConnection@4fa2ec50
2025-03-28T14:22:57.567-07:00  INFO 29576 --- [casino] [main] com.zaxxer.hikari.HikariDataSource       : HikariPool-6 - Start completed.
2025-03-28T14:22:57.580-07:00  INFO 29576 --- [casino] [main] o.s.o.j.p.SpringPersistenceUnitInfo      : No LoadTimeWeaver setup: ignoring JPA class transformer
2025-03-28T14:22:57.636-07:00  INFO 29576 --- [casino] [main] o.h.e.t.j.p.i.JtaPlatformInitiator       : HHH000489: No JTA platform available (set 'hibernate.transaction.jta.platform' to enable JTA platform integration)
2025-03-28T14:22:57.694-07:00  INFO 29576 --- [casino] [main] j.LocalContainerEntityManagerFactoryBean : Initialized JPA EntityManagerFactory for persistence unit 'default'
2025-03-28T14:22:57.776-07:00  INFO 29576 --- [casino] [main] eAuthenticationProviderManagerConfigurer : Global AuthenticationManager configured with AuthenticationProvider bean with name authenticationProvider
2025-03-28T14:22:57.776-07:00  WARN 29576 --- [casino] [main] r$InitializeUserDetailsManagerConfigurer : Global AuthenticationManager configured with an AuthenticationProvider bean. UserDetailsService beans will not be used for username/password login. Consider removing the AuthenticationProvider bean. Alternatively, consider using the UserDetailsService in a manually instantiated DaoAuthenticationProvider.
2025-03-28T14:22:57.915-07:00  INFO 29576 --- [casino] [main] o.s.b.t.m.w.SpringBootMockServletContext : Initializing Spring TestDispatcherServlet ''
2025-03-28T14:22:57.915-07:00  INFO 29576 --- [casino] [main] o.s.t.web.servlet.TestDispatcherServlet  : Initializing Servlet ''
2025-03-28T14:22:57.917-07:00  INFO 29576 --- [casino] [main] o.s.t.web.servlet.TestDispatcherServlet  : Completed initialization in 2 ms
2025-03-28T14:22:57.924-07:00  INFO 29576 --- [casino] [main] o.o.c.controllers.GameControllerTest     : Started GameControllerTest in 0.785 seconds (process running for 16.27)
2025-03-28T14:22:58.108-07:00  INFO 29576 --- [casino] [main] t.c.s.AnnotationConfigContextLoaderUtils : Could not detect default configuration classes for test class [org.omega.casino.CasinoApplicationTests]: CasinoApplicationTests does not declare any static, non-private, non-final, nested classes annotated with @Configuration.
2025-03-28T14:22:58.111-07:00  INFO 29576 --- [casino] [main] .b.t.c.SpringBootTestContextBootstrapper : Found @SpringBootConfiguration org.omega.casino.CasinoApplication for test class org.omega.casino.CasinoApplicationTests
2025-03-28T14:22:58.126-07:00  INFO 29576 --- [casino] [main] o.omega.casino.CasinoApplicationTests    : Starting CasinoApplicationTests using Java 17.0.10 with PID 29576 (started by w_hun in C:\Work\java\Workspace\casino)
2025-03-28T14:22:58.127-07:00  INFO 29576 --- [casino] [main] o.omega.casino.CasinoApplicationTests    : No active profile set, falling back to 1 default profile: "default"
2025-03-28T14:22:58.243-07:00  INFO 29576 --- [casino] [main] .s.d.r.c.RepositoryConfigurationDelegate : Bootstrapping Spring Data JPA repositories in DEFAULT mode.
2025-03-28T14:22:58.258-07:00  INFO 29576 --- [casino] [main] .s.d.r.c.RepositoryConfigurationDelegate : Finished Spring Data repository scanning in 14 ms. Found 4 JPA repository interfaces.
2025-03-28T14:22:58.296-07:00  WARN 29576 --- [casino] [main] trationDelegate$BeanPostProcessorChecker : Bean 'org.springframework.ws.config.annotation.DelegatingWsConfiguration' of type [org.springframework.ws.config.annotation.DelegatingWsConfiguration$$SpringCGLIB$$0] is not eligible for getting processed by all BeanPostProcessors (for example: not eligible for auto-proxying). The currently created BeanPostProcessor [annotationActionEndpointMapping] is declared through a non-static factory method on that class; consider declaring it as static instead.
2025-03-28T14:22:58.297-07:00  INFO 29576 --- [casino] [main] .w.s.a.s.AnnotationActionEndpointMapping : Supporting [WS-Addressing August 2004, WS-Addressing 1.0]
2025-03-28T14:22:58.318-07:00  INFO 29576 --- [casino] [main] o.hibernate.jpa.internal.util.LogHelper  : HHH000204: Processing PersistenceUnitInfo [name: default]
2025-03-28T14:22:58.319-07:00  INFO 29576 --- [casino] [main] o.h.c.internal.RegionFactoryInitiator    : HHH000026: Second-level cache disabled
2025-03-28T14:22:58.323-07:00  INFO 29576 --- [casino] [main] com.zaxxer.hikari.HikariDataSource       : HikariPool-7 - Starting...
2025-03-28T14:22:58.377-07:00  INFO 29576 --- [casino] [main] com.zaxxer.hikari.pool.HikariPool        : HikariPool-7 - Added connection org.postgresql.jdbc.PgConnection@63ca45e0
2025-03-28T14:22:58.378-07:00  INFO 29576 --- [casino] [main] com.zaxxer.hikari.HikariDataSource       : HikariPool-7 - Start completed.
2025-03-28T14:22:58.393-07:00  INFO 29576 --- [casino] [main] o.s.o.j.p.SpringPersistenceUnitInfo      : No LoadTimeWeaver setup: ignoring JPA class transformer
2025-03-28T14:22:58.457-07:00  INFO 29576 --- [casino] [main] o.h.e.t.j.p.i.JtaPlatformInitiator       : HHH000489: No JTA platform available (set 'hibernate.transaction.jta.platform' to enable JTA platform integration)
2025-03-28T14:22:58.526-07:00  INFO 29576 --- [casino] [main] j.LocalContainerEntityManagerFactoryBean : Initialized JPA EntityManagerFactory for persistence unit 'default'
2025-03-28T14:22:58.598-07:00  INFO 29576 --- [casino] [main] eAuthenticationProviderManagerConfigurer : Global AuthenticationManager configured with AuthenticationProvider bean with name authenticationProvider
2025-03-28T14:22:58.598-07:00  WARN 29576 --- [casino] [main] r$InitializeUserDetailsManagerConfigurer : Global AuthenticationManager configured with an AuthenticationProvider bean. UserDetailsService beans will not be used for username/password login. Consider removing the AuthenticationProvider bean. Alternatively, consider using the UserDetailsService in a manually instantiated DaoAuthenticationProvider.
2025-03-28T14:22:58.727-07:00  INFO 29576 --- [casino] [main] o.omega.casino.CasinoApplicationTests    : Started CasinoApplicationTests in 0.615 seconds (process running for 17.073)
2025-03-28T14:22:58.743-07:00  INFO 29576 --- [casino] [SpringApplicationShutdownHook] j.LocalContainerEntityManagerFactoryBean : Closing JPA EntityManagerFactory for persistence unit 'default'
2025-03-28T14:22:58.747-07:00  INFO 29576 --- [casino] [SpringApplicationShutdownHook] com.zaxxer.hikari.HikariDataSource       : HikariPool-1 - Shutdown initiated...
2025-03-28T14:22:58.749-07:00  INFO 29576 --- [casino] [SpringApplicationShutdownHook] com.zaxxer.hikari.HikariDataSource       : HikariPool-1 - Shutdown completed.
2025-03-28T14:22:58.756-07:00  INFO 29576 --- [casino] [SpringApplicationShutdownHook] j.LocalContainerEntityManagerFactoryBean : Closing JPA EntityManagerFactory for persistence unit 'default'
2025-03-28T14:22:58.756-07:00  INFO 29576 --- [casino] [SpringApplicationShutdownHook] com.zaxxer.hikari.HikariDataSource       : HikariPool-2 - Shutdown initiated...
2025-03-28T14:22:58.758-07:00  INFO 29576 --- [casino] [SpringApplicationShutdownHook] com.zaxxer.hikari.HikariDataSource       : HikariPool-2 - Shutdown completed.
2025-03-28T14:22:58.759-07:00  INFO 29576 --- [casino] [SpringApplicationShutdownHook] j.LocalContainerEntityManagerFactoryBean : Closing JPA EntityManagerFactory for persistence unit 'default'
2025-03-28T14:22:58.760-07:00  INFO 29576 --- [casino] [SpringApplicationShutdownHook] com.zaxxer.hikari.HikariDataSource       : HikariPool-3 - Shutdown initiated...
2025-03-28T14:22:58.761-07:00  INFO 29576 --- [casino] [SpringApplicationShutdownHook] com.zaxxer.hikari.HikariDataSource       : HikariPool-3 - Shutdown completed.
2025-03-28T14:22:58.763-07:00  INFO 29576 --- [casino] [SpringApplicationShutdownHook] j.LocalContainerEntityManagerFactoryBean : Closing JPA EntityManagerFactory for persistence unit 'default'
2025-03-28T14:22:58.763-07:00  INFO 29576 --- [casino] [SpringApplicationShutdownHook] com.zaxxer.hikari.HikariDataSource       : HikariPool-4 - Shutdown initiated...
2025-03-28T14:22:58.767-07:00  INFO 29576 --- [casino] [SpringApplicationShutdownHook] com.zaxxer.hikari.HikariDataSource       : HikariPool-4 - Shutdown completed.
2025-03-28T14:22:58.768-07:00  INFO 29576 --- [casino] [SpringApplicationShutdownHook] j.LocalContainerEntityManagerFactoryBean : Closing JPA EntityManagerFactory for persistence unit 'default'
2025-03-28T14:22:58.768-07:00  INFO 29576 --- [casino] [SpringApplicationShutdownHook] com.zaxxer.hikari.HikariDataSource       : HikariPool-5 - Shutdown initiated...
2025-03-28T14:22:58.771-07:00  INFO 29576 --- [casino] [SpringApplicationShutdownHook] com.zaxxer.hikari.HikariDataSource       : HikariPool-5 - Shutdown completed.
2025-03-28T14:22:58.775-07:00  INFO 29576 --- [casino] [SpringApplicationShutdownHook] j.LocalContainerEntityManagerFactoryBean : Closing JPA EntityManagerFactory for persistence unit 'default'
2025-03-28T14:22:58.776-07:00  INFO 29576 --- [casino] [SpringApplicationShutdownHook] com.zaxxer.hikari.HikariDataSource       : HikariPool-6 - Shutdown initiated...
2025-03-28T14:22:58.778-07:00  INFO 29576 --- [casino] [SpringApplicationShutdownHook] com.zaxxer.hikari.HikariDataSource       : HikariPool-6 - Shutdown completed.
2025-03-28T14:22:58.782-07:00  INFO 29576 --- [casino] [SpringApplicationShutdownHook] j.LocalContainerEntityManagerFactoryBean : Closing JPA EntityManagerFactory for persistence unit 'default'
2025-03-28T14:22:58.784-07:00  INFO 29576 --- [casino] [SpringApplicationShutdownHook] com.zaxxer.hikari.HikariDataSource       : HikariPool-7 - Shutdown initiated...
2025-03-28T14:22:58.868-07:00  INFO 29576 --- [casino] [SpringApplicationShutdownHook] com.zaxxer.hikari.HikariDataSource       : HikariPool-7 - Shutdown completed.
2025-03-28T14:57:50.474-07:00  INFO 35040 --- [casino] [main] org.omega.casino.CasinoApplication       : Starting CasinoApplication using Java 17.0.10 with PID 35040 (C:\Work\java\Workspace\casino\target\classes started by w_hun in C:\Work\java\Workspace\casino)
2025-03-28T14:57:50.475-07:00  INFO 35040 --- [casino] [main] org.omega.casino.CasinoApplication       : No active profile set, falling back to 1 default profile: "default"
2025-03-28T14:57:50.992-07:00  INFO 35040 --- [casino] [main] .s.d.r.c.RepositoryConfigurationDelegate : Bootstrapping Spring Data JPA repositories in DEFAULT mode.
2025-03-28T14:57:51.045-07:00  INFO 35040 --- [casino] [main] .s.d.r.c.RepositoryConfigurationDelegate : Finished Spring Data repository scanning in 45 ms. Found 4 JPA repository interfaces.
2025-03-28T14:57:51.255-07:00  WARN 35040 --- [casino] [main] trationDelegate$BeanPostProcessorChecker : Bean 'org.springframework.ws.config.annotation.DelegatingWsConfiguration' of type [org.springframework.ws.config.annotation.DelegatingWsConfiguration$$SpringCGLIB$$0] is not eligible for getting processed by all BeanPostProcessors (for example: not eligible for auto-proxying). The currently created BeanPostProcessor [annotationActionEndpointMapping] is declared through a non-static factory method on that class; consider declaring it as static instead.
2025-03-28T14:57:51.276-07:00  INFO 35040 --- [casino] [main] .w.s.a.s.AnnotationActionEndpointMapping : Supporting [WS-Addressing August 2004, WS-Addressing 1.0]
2025-03-28T14:57:51.496-07:00  INFO 35040 --- [casino] [main] o.s.b.w.embedded.tomcat.TomcatWebServer  : Tomcat initialized with port 8080 (http)
2025-03-28T14:57:51.511-07:00  INFO 35040 --- [casino] [main] o.apache.catalina.core.StandardService   : Starting service [Tomcat]
2025-03-28T14:57:51.512-07:00  INFO 35040 --- [casino] [main] o.apache.catalina.core.StandardEngine    : Starting Servlet engine: [Apache Tomcat/10.1.25]
2025-03-28T14:57:51.582-07:00  INFO 35040 --- [casino] [main] o.a.c.c.C.[Tomcat].[localhost].[/]       : Initializing Spring embedded WebApplicationContext
2025-03-28T14:57:51.584-07:00  INFO 35040 --- [casino] [main] w.s.c.ServletWebServerApplicationContext : Root WebApplicationContext: initialization completed in 1077 ms
2025-03-28T14:57:51.667-07:00  INFO 35040 --- [casino] [main] o.hibernate.jpa.internal.util.LogHelper  : HHH000204: Processing PersistenceUnitInfo [name: default]
2025-03-28T14:57:51.706-07:00  INFO 35040 --- [casino] [main] org.hibernate.Version                    : HHH000412: Hibernate ORM core version 6.5.2.Final
2025-03-28T14:57:51.744-07:00  INFO 35040 --- [casino] [main] o.h.c.internal.RegionFactoryInitiator    : HHH000026: Second-level cache disabled
2025-03-28T14:57:51.822-07:00  INFO 35040 --- [casino] [main] com.zaxxer.hikari.HikariDataSource       : HikariPool-1 - Starting...
2025-03-28T14:57:52.057-07:00  INFO 35040 --- [casino] [main] com.zaxxer.hikari.pool.HikariPool        : HikariPool-1 - Added connection org.postgresql.jdbc.PgConnection@7bb4ed71
2025-03-28T14:57:52.059-07:00  INFO 35040 --- [casino] [main] com.zaxxer.hikari.HikariDataSource       : HikariPool-1 - Start completed.
2025-03-28T14:57:52.308-07:00  INFO 35040 --- [casino] [main] o.s.o.j.p.SpringPersistenceUnitInfo      : No LoadTimeWeaver setup: ignoring JPA class transformer
2025-03-28T14:57:53.051-07:00  INFO 35040 --- [casino] [main] o.h.e.t.j.p.i.JtaPlatformInitiator       : HHH000489: No JTA platform available (set 'hibernate.transaction.jta.platform' to enable JTA platform integration)
2025-03-28T14:57:53.152-07:00  INFO 35040 --- [casino] [main] j.LocalContainerEntityManagerFactoryBean : Initialized JPA EntityManagerFactory for persistence unit 'default'
2025-03-28T14:57:53.318-07:00  INFO 35040 --- [casino] [main] o.s.d.j.r.query.QueryEnhancerFactory     : Hibernate is in classpath; If applicable, HQL parser will be used.
2025-03-28T14:57:53.788-07:00  INFO 35040 --- [casino] [main] eAuthenticationProviderManagerConfigurer : Global AuthenticationManager configured with AuthenticationProvider bean with name authenticationProvider
2025-03-28T14:57:53.789-07:00  WARN 35040 --- [casino] [main] r$InitializeUserDetailsManagerConfigurer : Global AuthenticationManager configured with an AuthenticationProvider bean. UserDetailsService beans will not be used for username/password login. Consider removing the AuthenticationProvider bean. Alternatively, consider using the UserDetailsService in a manually instantiated DaoAuthenticationProvider.
2025-03-28T14:57:54.255-07:00  INFO 35040 --- [casino] [main] o.s.b.w.embedded.tomcat.TomcatWebServer  : Tomcat started on port 8080 (http) with context path '/'
2025-03-28T14:57:54.263-07:00  INFO 35040 --- [casino] [main] org.omega.casino.CasinoApplication       : Started CasinoApplication in 4.137 seconds (process running for 4.614)
2025-03-28T14:57:57.742-07:00  INFO 35040 --- [casino] [http-nio-8080-exec-1] o.a.c.c.C.[Tomcat].[localhost].[/]       : Initializing Spring DispatcherServlet 'dispatcherServlet'
2025-03-28T14:57:57.742-07:00  INFO 35040 --- [casino] [http-nio-8080-exec-1] o.s.web.servlet.DispatcherServlet        : Initializing Servlet 'dispatcherServlet'
2025-03-28T14:57:57.743-07:00  INFO 35040 --- [casino] [http-nio-8080-exec-1] o.s.web.servlet.DispatcherServlet        : Completed initialization in 1 ms
2025-03-28T15:01:35.537-07:00  INFO 35040 --- [casino] [SpringApplicationShutdownHook] j.LocalContainerEntityManagerFactoryBean : Closing JPA EntityManagerFactory for persistence unit 'default'
2025-03-28T15:01:35.539-07:00  INFO 35040 --- [casino] [SpringApplicationShutdownHook] com.zaxxer.hikari.HikariDataSource       : HikariPool-1 - Shutdown initiated...
2025-03-28T15:01:35.542-07:00  INFO 35040 --- [casino] [SpringApplicationShutdownHook] com.zaxxer.hikari.HikariDataSource       : HikariPool-1 - Shutdown completed.
2025-03-28T16:25:57.128-07:00  INFO 36280 --- [casino] [main] o.omega.casino.CasinoApplicationTests    : Starting CasinoApplicationTests using Java 17.0.10 with PID 36280 (started by w_hun in c:\Work\java\Workspace\casino)
2025-03-28T16:25:57.130-07:00  INFO 36280 --- [casino] [main] o.omega.casino.CasinoApplicationTests    : No active profile set, falling back to 1 default profile: "default"
2025-03-28T16:25:58.588-07:00  INFO 36280 --- [casino] [main] .s.d.r.c.RepositoryConfigurationDelegate : Bootstrapping Spring Data JPA repositories in DEFAULT mode.
2025-03-28T16:25:58.702-07:00  INFO 36280 --- [casino] [main] .s.d.r.c.RepositoryConfigurationDelegate : Finished Spring Data repository scanning in 97 ms. Found 4 JPA repository interfaces.
2025-03-28T16:25:59.351-07:00  WARN 36280 --- [casino] [main] trationDelegate$BeanPostProcessorChecker : Bean 'org.springframework.ws.config.annotation.DelegatingWsConfiguration' of type [org.springframework.ws.config.annotation.DelegatingWsConfiguration$$SpringCGLIB$$0] is not eligible for getting processed by all BeanPostProcessors (for example: not eligible for auto-proxying). The currently created BeanPostProcessor [annotationActionEndpointMapping] is declared through a non-static factory method on that class; consider declaring it as static instead.
2025-03-28T16:25:59.406-07:00  INFO 36280 --- [casino] [main] .w.s.a.s.AnnotationActionEndpointMapping : Supporting [WS-Addressing August 2004, WS-Addressing 1.0]
2025-03-28T16:25:59.769-07:00  INFO 36280 --- [casino] [main] o.hibernate.jpa.internal.util.LogHelper  : HHH000204: Processing PersistenceUnitInfo [name: default]
2025-03-28T16:25:59.889-07:00  INFO 36280 --- [casino] [main] org.hibernate.Version                    : HHH000412: Hibernate ORM core version 6.5.2.Final
2025-03-28T16:25:59.977-07:00  INFO 36280 --- [casino] [main] o.h.c.internal.RegionFactoryInitiator    : HHH000026: Second-level cache disabled
2025-03-28T16:26:00.291-07:00  INFO 36280 --- [casino] [main] com.zaxxer.hikari.HikariDataSource       : HikariPool-1 - Starting...
2025-03-28T16:26:00.627-07:00  INFO 36280 --- [casino] [main] com.zaxxer.hikari.pool.HikariPool        : HikariPool-1 - Added connection org.postgresql.jdbc.PgConnection@26df4e2f
2025-03-28T16:26:00.634-07:00  INFO 36280 --- [casino] [main] com.zaxxer.hikari.HikariDataSource       : HikariPool-1 - Start completed.
2025-03-28T16:26:01.363-07:00  INFO 36280 --- [casino] [main] o.s.o.j.p.SpringPersistenceUnitInfo      : No LoadTimeWeaver setup: ignoring JPA class transformer
2025-03-28T16:26:03.264-07:00  INFO 36280 --- [casino] [main] o.h.e.t.j.p.i.JtaPlatformInitiator       : HHH000489: No JTA platform available (set 'hibernate.transaction.jta.platform' to enable JTA platform integration)
2025-03-28T16:26:03.412-07:00  INFO 36280 --- [casino] [main] j.LocalContainerEntityManagerFactoryBean : Initialized JPA EntityManagerFactory for persistence unit 'default'
2025-03-28T16:26:03.980-07:00  INFO 36280 --- [casino] [main] o.s.d.j.r.query.QueryEnhancerFactory     : Hibernate is in classpath; If applicable, HQL parser will be used.
2025-03-28T16:26:05.117-07:00  INFO 36280 --- [casino] [main] eAuthenticationProviderManagerConfigurer : Global AuthenticationManager configured with AuthenticationProvider bean with name authenticationProvider
2025-03-28T16:26:05.119-07:00  WARN 36280 --- [casino] [main] r$InitializeUserDetailsManagerConfigurer : Global AuthenticationManager configured with an AuthenticationProvider bean. UserDetailsService beans will not be used for username/password login. Consider removing the AuthenticationProvider bean. Alternatively, consider using the UserDetailsService in a manually instantiated DaoAuthenticationProvider.
2025-03-28T16:26:06.489-07:00  INFO 36280 --- [casino] [main] o.omega.casino.CasinoApplicationTests    : Started CasinoApplicationTests in 9.853 seconds (process running for 11.829)
2025-03-28T16:26:07.123-07:00  INFO 36280 --- [casino] [main] t.c.s.AnnotationConfigContextLoaderUtils : Could not detect default configuration classes for test class [org.omega.casino.controllers.AuthenticationControllerTest]: AuthenticationControllerTest does not declare any static, non-private, non-final, nested classes annotated with @Configuration.
2025-03-28T16:26:07.155-07:00  INFO 36280 --- [casino] [main] .b.t.c.SpringBootTestContextBootstrapper : Found @SpringBootConfiguration org.omega.casino.CasinoApplication for test class org.omega.casino.controllers.AuthenticationControllerTest
2025-03-28T16:26:07.191-07:00  INFO 36280 --- [casino] [main] o.o.c.c.AuthenticationControllerTest     : Starting AuthenticationControllerTest using Java 17.0.10 with PID 36280 (started by w_hun in c:\Work\java\Workspace\casino)
2025-03-28T16:26:07.192-07:00  INFO 36280 --- [casino] [main] o.o.c.c.AuthenticationControllerTest     : No active profile set, falling back to 1 default profile: "default"
2025-03-28T16:26:07.418-07:00  INFO 36280 --- [casino] [main] .s.d.r.c.RepositoryConfigurationDelegate : Bootstrapping Spring Data JPA repositories in DEFAULT mode.
2025-03-28T16:26:07.443-07:00  INFO 36280 --- [casino] [main] .s.d.r.c.RepositoryConfigurationDelegate : Finished Spring Data repository scanning in 22 ms. Found 4 JPA repository interfaces.
2025-03-28T16:26:07.835-07:00  WARN 36280 --- [casino] [main] trationDelegate$BeanPostProcessorChecker : Bean 'org.springframework.ws.config.annotation.DelegatingWsConfiguration' of type [org.springframework.ws.config.annotation.DelegatingWsConfiguration$$SpringCGLIB$$0] is not eligible for getting processed by all BeanPostProcessors (for example: not eligible for auto-proxying). The currently created BeanPostProcessor [annotationActionEndpointMapping] is declared through a non-static factory method on that class; consider declaring it as static instead.
2025-03-28T16:26:07.839-07:00  INFO 36280 --- [casino] [main] .w.s.a.s.AnnotationActionEndpointMapping : Supporting [WS-Addressing August 2004, WS-Addressing 1.0]
2025-03-28T16:26:07.996-07:00  INFO 36280 --- [casino] [main] o.hibernate.jpa.internal.util.LogHelper  : HHH000204: Processing PersistenceUnitInfo [name: default]
2025-03-28T16:26:08.004-07:00  INFO 36280 --- [casino] [main] o.h.c.internal.RegionFactoryInitiator    : HHH000026: Second-level cache disabled
2025-03-28T16:26:08.018-07:00  INFO 36280 --- [casino] [main] com.zaxxer.hikari.HikariDataSource       : HikariPool-2 - Starting...
2025-03-28T16:26:08.126-07:00  INFO 36280 --- [casino] [main] com.zaxxer.hikari.pool.HikariPool        : HikariPool-2 - Added connection org.postgresql.jdbc.PgConnection@67b19b53
2025-03-28T16:26:08.126-07:00  INFO 36280 --- [casino] [main] com.zaxxer.hikari.HikariDataSource       : HikariPool-2 - Start completed.
2025-03-28T16:26:08.168-07:00  INFO 36280 --- [casino] [main] o.s.o.j.p.SpringPersistenceUnitInfo      : No LoadTimeWeaver setup: ignoring JPA class transformer
2025-03-28T16:26:08.402-07:00  INFO 36280 --- [casino] [main] o.h.e.t.j.p.i.JtaPlatformInitiator       : HHH000489: No JTA platform available (set 'hibernate.transaction.jta.platform' to enable JTA platform integration)
2025-03-28T16:26:08.479-07:00  INFO 36280 --- [casino] [main] j.LocalContainerEntityManagerFactoryBean : Initialized JPA EntityManagerFactory for persistence unit 'default'
2025-03-28T16:26:08.869-07:00  INFO 36280 --- [casino] [main] eAuthenticationProviderManagerConfigurer : Global AuthenticationManager configured with AuthenticationProvider bean with name authenticationProvider
2025-03-28T16:26:08.870-07:00  WARN 36280 --- [casino] [main] r$InitializeUserDetailsManagerConfigurer : Global AuthenticationManager configured with an AuthenticationProvider bean. UserDetailsService beans will not be used for username/password login. Consider removing the AuthenticationProvider bean. Alternatively, consider using the UserDetailsService in a manually instantiated DaoAuthenticationProvider.
2025-03-28T16:26:09.314-07:00  INFO 36280 --- [casino] [main] o.s.b.t.m.w.SpringBootMockServletContext : Initializing Spring TestDispatcherServlet ''
2025-03-28T16:26:09.314-07:00  INFO 36280 --- [casino] [main] o.s.t.web.servlet.TestDispatcherServlet  : Initializing Servlet ''
2025-03-28T16:26:09.316-07:00  INFO 36280 --- [casino] [main] o.s.t.web.servlet.TestDispatcherServlet  : Completed initialization in 2 ms
2025-03-28T16:26:09.338-07:00  INFO 36280 --- [casino] [main] o.o.c.c.AuthenticationControllerTest     : Started AuthenticationControllerTest in 2.178 seconds (process running for 14.679)
2025-03-28T16:26:10.456-07:00  INFO 36280 --- [casino] [main] t.c.s.AnnotationConfigContextLoaderUtils : Could not detect default configuration classes for test class [org.omega.casino.controllers.GameControllerTest]: GameControllerTest does not declare any static, non-private, non-final, nested classes annotated with @Configuration.
2025-03-28T16:26:10.463-07:00  INFO 36280 --- [casino] [main] .b.t.c.SpringBootTestContextBootstrapper : Found @SpringBootConfiguration org.omega.casino.CasinoApplication for test class org.omega.casino.controllers.GameControllerTest
2025-03-28T16:26:10.502-07:00  INFO 36280 --- [casino] [main] o.o.c.controllers.GameControllerTest     : Starting GameControllerTest using Java 17.0.10 with PID 36280 (started by w_hun in c:\Work\java\Workspace\casino)
2025-03-28T16:26:10.503-07:00  INFO 36280 --- [casino] [main] o.o.c.controllers.GameControllerTest     : No active profile set, falling back to 1 default profile: "default"
2025-03-28T16:26:10.845-07:00  INFO 36280 --- [casino] [main] .s.d.r.c.RepositoryConfigurationDelegate : Bootstrapping Spring Data JPA repositories in DEFAULT mode.
2025-03-28T16:26:10.869-07:00  INFO 36280 --- [casino] [main] .s.d.r.c.RepositoryConfigurationDelegate : Finished Spring Data repository scanning in 24 ms. Found 4 JPA repository interfaces.
2025-03-28T16:26:11.126-07:00  WARN 36280 --- [casino] [main] trationDelegate$BeanPostProcessorChecker : Bean 'org.springframework.ws.config.annotation.DelegatingWsConfiguration' of type [org.springframework.ws.config.annotation.DelegatingWsConfiguration$$SpringCGLIB$$0] is not eligible for getting processed by all BeanPostProcessors (for example: not eligible for auto-proxying). The currently created BeanPostProcessor [annotationActionEndpointMapping] is declared through a non-static factory method on that class; consider declaring it as static instead.
2025-03-28T16:26:11.129-07:00  INFO 36280 --- [casino] [main] .w.s.a.s.AnnotationActionEndpointMapping : Supporting [WS-Addressing August 2004, WS-Addressing 1.0]
2025-03-28T16:26:11.191-07:00  INFO 36280 --- [casino] [main] o.hibernate.jpa.internal.util.LogHelper  : HHH000204: Processing PersistenceUnitInfo [name: default]
2025-03-28T16:26:11.195-07:00  INFO 36280 --- [casino] [main] o.h.c.internal.RegionFactoryInitiator    : HHH000026: Second-level cache disabled
2025-03-28T16:26:11.203-07:00  INFO 36280 --- [casino] [main] com.zaxxer.hikari.HikariDataSource       : HikariPool-3 - Starting...
2025-03-28T16:26:11.273-07:00  INFO 36280 --- [casino] [main] com.zaxxer.hikari.pool.HikariPool        : HikariPool-3 - Added connection org.postgresql.jdbc.PgConnection@381cc146
2025-03-28T16:26:11.273-07:00  INFO 36280 --- [casino] [main] com.zaxxer.hikari.HikariDataSource       : HikariPool-3 - Start completed.
2025-03-28T16:26:11.300-07:00  INFO 36280 --- [casino] [main] o.s.o.j.p.SpringPersistenceUnitInfo      : No LoadTimeWeaver setup: ignoring JPA class transformer
2025-03-28T16:26:11.568-07:00  INFO 36280 --- [casino] [main] o.h.e.t.j.p.i.JtaPlatformInitiator       : HHH000489: No JTA platform available (set 'hibernate.transaction.jta.platform' to enable JTA platform integration)
2025-03-28T16:26:11.638-07:00  INFO 36280 --- [casino] [main] j.LocalContainerEntityManagerFactoryBean : Initialized JPA EntityManagerFactory for persistence unit 'default'
2025-03-28T16:26:11.806-07:00  INFO 36280 --- [casino] [main] eAuthenticationProviderManagerConfigurer : Global AuthenticationManager configured with AuthenticationProvider bean with name authenticationProvider
2025-03-28T16:26:11.807-07:00  WARN 36280 --- [casino] [main] r$InitializeUserDetailsManagerConfigurer : Global AuthenticationManager configured with an AuthenticationProvider bean. UserDetailsService beans will not be used for username/password login. Consider removing the AuthenticationProvider bean. Alternatively, consider using the UserDetailsService in a manually instantiated DaoAuthenticationProvider.
2025-03-28T16:26:12.059-07:00  INFO 36280 --- [casino] [main] o.s.b.t.m.w.SpringBootMockServletContext : Initializing Spring TestDispatcherServlet ''
2025-03-28T16:26:12.061-07:00  INFO 36280 --- [casino] [main] o.s.t.web.servlet.TestDispatcherServlet  : Initializing Servlet ''
2025-03-28T16:26:12.064-07:00  INFO 36280 --- [casino] [main] o.s.t.web.servlet.TestDispatcherServlet  : Completed initialization in 1 ms
2025-03-28T16:26:12.073-07:00  INFO 36280 --- [casino] [main] o.o.c.controllers.GameControllerTest     : Started GameControllerTest in 1.604 seconds (process running for 17.414)
2025-03-28T16:26:12.363-07:00  INFO 36280 --- [casino] [main] t.c.s.AnnotationConfigContextLoaderUtils : Could not detect default configuration classes for test class [org.omega.casino.controllers.PlayerControllerTest]: PlayerControllerTest does not declare any static, non-private, non-final, nested classes annotated with @Configuration.
2025-03-28T16:26:12.366-07:00  INFO 36280 --- [casino] [main] .b.t.c.SpringBootTestContextBootstrapper : Found @SpringBootConfiguration org.omega.casino.CasinoApplication for test class org.omega.casino.controllers.PlayerControllerTest
2025-03-28T16:26:12.393-07:00  INFO 36280 --- [casino] [main] o.o.c.controllers.PlayerControllerTest   : Starting PlayerControllerTest using Java 17.0.10 with PID 36280 (started by w_hun in c:\Work\java\Workspace\casino)
2025-03-28T16:26:12.393-07:00  INFO 36280 --- [casino] [main] o.o.c.controllers.PlayerControllerTest   : No active profile set, falling back to 1 default profile: "default"
2025-03-28T16:26:12.602-07:00  INFO 36280 --- [casino] [main] .s.d.r.c.RepositoryConfigurationDelegate : Bootstrapping Spring Data JPA repositories in DEFAULT mode.
2025-03-28T16:26:12.622-07:00  INFO 36280 --- [casino] [main] .s.d.r.c.RepositoryConfigurationDelegate : Finished Spring Data repository scanning in 19 ms. Found 4 JPA repository interfaces.
2025-03-28T16:26:12.976-07:00  WARN 36280 --- [casino] [main] trationDelegate$BeanPostProcessorChecker : Bean 'org.springframework.ws.config.annotation.DelegatingWsConfiguration' of type [org.springframework.ws.config.annotation.DelegatingWsConfiguration$$SpringCGLIB$$0] is not eligible for getting processed by all BeanPostProcessors (for example: not eligible for auto-proxying). The currently created BeanPostProcessor [annotationActionEndpointMapping] is declared through a non-static factory method on that class; consider declaring it as static instead.
2025-03-28T16:26:12.978-07:00  INFO 36280 --- [casino] [main] .w.s.a.s.AnnotationActionEndpointMapping : Supporting [WS-Addressing August 2004, WS-Addressing 1.0]
2025-03-28T16:26:13.028-07:00  INFO 36280 --- [casino] [main] o.hibernate.jpa.internal.util.LogHelper  : HHH000204: Processing PersistenceUnitInfo [name: default]
2025-03-28T16:26:13.032-07:00  INFO 36280 --- [casino] [main] o.h.c.internal.RegionFactoryInitiator    : HHH000026: Second-level cache disabled
2025-03-28T16:26:13.039-07:00  INFO 36280 --- [casino] [main] com.zaxxer.hikari.HikariDataSource       : HikariPool-4 - Starting...
2025-03-28T16:26:13.189-07:00  INFO 36280 --- [casino] [main] com.zaxxer.hikari.pool.HikariPool        : HikariPool-4 - Added connection org.postgresql.jdbc.PgConnection@2b9206f3
2025-03-28T16:26:13.189-07:00  INFO 36280 --- [casino] [main] com.zaxxer.hikari.HikariDataSource       : HikariPool-4 - Start completed.
2025-03-28T16:26:13.205-07:00  INFO 36280 --- [casino] [main] o.s.o.j.p.SpringPersistenceUnitInfo      : No LoadTimeWeaver setup: ignoring JPA class transformer
2025-03-28T16:26:13.295-07:00  INFO 36280 --- [casino] [main] o.h.e.t.j.p.i.JtaPlatformInitiator       : HHH000489: No JTA platform available (set 'hibernate.transaction.jta.platform' to enable JTA platform integration)
2025-03-28T16:26:13.368-07:00  INFO 36280 --- [casino] [main] j.LocalContainerEntityManagerFactoryBean : Initialized JPA EntityManagerFactory for persistence unit 'default'
2025-03-28T16:26:13.444-07:00  INFO 36280 --- [casino] [main] eAuthenticationProviderManagerConfigurer : Global AuthenticationManager configured with AuthenticationProvider bean with name authenticationProvider
2025-03-28T16:26:13.445-07:00  WARN 36280 --- [casino] [main] r$InitializeUserDetailsManagerConfigurer : Global AuthenticationManager configured with an AuthenticationProvider bean. UserDetailsService beans will not be used for username/password login. Consider removing the AuthenticationProvider bean. Alternatively, consider using the UserDetailsService in a manually instantiated DaoAuthenticationProvider.
2025-03-28T16:26:13.676-07:00  INFO 36280 --- [casino] [main] o.s.b.t.m.w.SpringBootMockServletContext : Initializing Spring TestDispatcherServlet ''
2025-03-28T16:26:13.676-07:00  INFO 36280 --- [casino] [main] o.s.t.web.servlet.TestDispatcherServlet  : Initializing Servlet ''
2025-03-28T16:26:13.678-07:00  INFO 36280 --- [casino] [main] o.s.t.web.servlet.TestDispatcherServlet  : Completed initialization in 2 ms
2025-03-28T16:26:13.689-07:00  INFO 36280 --- [casino] [main] o.o.c.controllers.PlayerControllerTest   : Started PlayerControllerTest in 1.318 seconds (process running for 19.029)
2025-03-28T16:26:13.780-07:00  INFO 36280 --- [casino] [main] t.c.s.AnnotationConfigContextLoaderUtils : Could not detect default configuration classes for test class [org.omega.casino.services.AuthenticationServiceTest]: AuthenticationServiceTest does not declare any static, non-private, non-final, nested classes annotated with @Configuration.
2025-03-28T16:26:13.790-07:00  INFO 36280 --- [casino] [main] .b.t.c.SpringBootTestContextBootstrapper : Found @SpringBootConfiguration org.omega.casino.CasinoApplication for test class org.omega.casino.services.AuthenticationServiceTest
2025-03-28T16:26:13.824-07:00  INFO 36280 --- [casino] [main] o.o.c.s.AuthenticationServiceTest        : Starting AuthenticationServiceTest using Java 17.0.10 with PID 36280 (started by w_hun in c:\Work\java\Workspace\casino)
2025-03-28T16:26:13.824-07:00  INFO 36280 --- [casino] [main] o.o.c.s.AuthenticationServiceTest        : The following 1 profile is active: "test"
2025-03-28T16:26:14.030-07:00  INFO 36280 --- [casino] [main] .s.d.r.c.RepositoryConfigurationDelegate : Bootstrapping Spring Data JPA repositories in DEFAULT mode.
2025-03-28T16:26:14.051-07:00  INFO 36280 --- [casino] [main] .s.d.r.c.RepositoryConfigurationDelegate : Finished Spring Data repository scanning in 21 ms. Found 4 JPA repository interfaces.
2025-03-28T16:26:14.162-07:00  WARN 36280 --- [casino] [main] trationDelegate$BeanPostProcessorChecker : Bean 'org.springframework.ws.config.annotation.DelegatingWsConfiguration' of type [org.springframework.ws.config.annotation.DelegatingWsConfiguration$$SpringCGLIB$$0] is not eligible for getting processed by all BeanPostProcessors (for example: not eligible for auto-proxying). The currently created BeanPostProcessor [annotationActionEndpointMapping] is declared through a non-static factory method on that class; consider declaring it as static instead.
2025-03-28T16:26:14.164-07:00  INFO 36280 --- [casino] [main] .w.s.a.s.AnnotationActionEndpointMapping : Supporting [WS-Addressing August 2004, WS-Addressing 1.0]
2025-03-28T16:26:14.208-07:00  INFO 36280 --- [casino] [main] o.hibernate.jpa.internal.util.LogHelper  : HHH000204: Processing PersistenceUnitInfo [name: default]
2025-03-28T16:26:14.211-07:00  INFO 36280 --- [casino] [main] o.h.c.internal.RegionFactoryInitiator    : HHH000026: Second-level cache disabled
2025-03-28T16:26:14.216-07:00  INFO 36280 --- [casino] [main] com.zaxxer.hikari.HikariDataSource       : HikariPool-5 - Starting...
2025-03-28T16:26:14.820-07:00  INFO 36280 --- [casino] [main] com.zaxxer.hikari.pool.HikariPool        : HikariPool-5 - Added connection conn0: url=jdbc:h2:mem:testdb user=SA
2025-03-28T16:26:14.820-07:00  INFO 36280 --- [casino] [main] com.zaxxer.hikari.HikariDataSource       : HikariPool-5 - Start completed.
2025-03-28T16:26:14.839-07:00  WARN 36280 --- [casino] [main] org.hibernate.orm.deprecation            : HHH90000025: H2Dialect does not need to be specified explicitly using 'hibernate.dialect' (remove the property setting and it will be selected by default)
2025-03-28T16:26:14.866-07:00  INFO 36280 --- [casino] [main] o.s.o.j.p.SpringPersistenceUnitInfo      : No LoadTimeWeaver setup: ignoring JPA class transformer
2025-03-28T16:26:15.059-07:00  INFO 36280 --- [casino] [main] o.h.e.t.j.p.i.JtaPlatformInitiator       : HHH000489: No JTA platform available (set 'hibernate.transaction.jta.platform' to enable JTA platform integration)
2025-03-28T16:26:15.203-07:00  INFO 36280 --- [casino] [main] j.LocalContainerEntityManagerFactoryBean : Initialized JPA EntityManagerFactory for persistence unit 'default'
2025-03-28T16:26:15.323-07:00  INFO 36280 --- [casino] [main] eAuthenticationProviderManagerConfigurer : Global AuthenticationManager configured with AuthenticationProvider bean with name authenticationProvider
2025-03-28T16:26:15.323-07:00  WARN 36280 --- [casino] [main] r$InitializeUserDetailsManagerConfigurer : Global AuthenticationManager configured with an AuthenticationProvider bean. UserDetailsService beans will not be used for username/password login. Consider removing the AuthenticationProvider bean. Alternatively, consider using the UserDetailsService in a manually instantiated DaoAuthenticationProvider.
2025-03-28T16:26:15.424-07:00  INFO 36280 --- [casino] [main] o.s.b.a.h2.H2ConsoleAutoConfiguration    : H2 console available at '/h2-console'. Database available at 'jdbc:h2:mem:testdb'
2025-03-28T16:26:15.465-07:00  INFO 36280 --- [casino] [main] o.o.c.s.AuthenticationServiceTest        : Started AuthenticationServiceTest in 1.671 seconds (process running for 20.805)
2025-03-28T16:26:15.716-07:00  INFO 36280 --- [casino] [main] t.c.s.AnnotationConfigContextLoaderUtils : Could not detect default configuration classes for test class [org.omega.casino.services.BetServiceTest]: BetServiceTest does not declare any static, non-private, non-final, nested classes annotated with @Configuration.
2025-03-28T16:26:15.719-07:00  INFO 36280 --- [casino] [main] .b.t.c.SpringBootTestContextBootstrapper : Found @SpringBootConfiguration org.omega.casino.CasinoApplication for test class org.omega.casino.services.BetServiceTest
2025-03-28T16:26:15.753-07:00  INFO 36280 --- [casino] [main] o.omega.casino.services.BetServiceTest   : Starting BetServiceTest using Java 17.0.10 with PID 36280 (started by w_hun in c:\Work\java\Workspace\casino)
2025-03-28T16:26:15.753-07:00  INFO 36280 --- [casino] [main] o.omega.casino.services.BetServiceTest   : The following 1 profile is active: "test"
2025-03-28T16:26:15.950-07:00  INFO 36280 --- [casino] [main] .s.d.r.c.RepositoryConfigurationDelegate : Bootstrapping Spring Data JPA repositories in DEFAULT mode.
2025-03-28T16:26:15.967-07:00  INFO 36280 --- [casino] [main] .s.d.r.c.RepositoryConfigurationDelegate : Finished Spring Data repository scanning in 17 ms. Found 4 JPA repository interfaces.
2025-03-28T16:26:16.020-07:00  WARN 36280 --- [casino] [main] trationDelegate$BeanPostProcessorChecker : Bean 'org.springframework.ws.config.annotation.DelegatingWsConfiguration' of type [org.springframework.ws.config.annotation.DelegatingWsConfiguration$$SpringCGLIB$$0] is not eligible for getting processed by all BeanPostProcessors (for example: not eligible for auto-proxying). The currently created BeanPostProcessor [annotationActionEndpointMapping] is declared through a non-static factory method on that class; consider declaring it as static instead.
2025-03-28T16:26:16.023-07:00  INFO 36280 --- [casino] [main] .w.s.a.s.AnnotationActionEndpointMapping : Supporting [WS-Addressing August 2004, WS-Addressing 1.0]
2025-03-28T16:26:16.058-07:00  INFO 36280 --- [casino] [main] o.hibernate.jpa.internal.util.LogHelper  : HHH000204: Processing PersistenceUnitInfo [name: default]
2025-03-28T16:26:16.062-07:00  INFO 36280 --- [casino] [main] o.h.c.internal.RegionFactoryInitiator    : HHH000026: Second-level cache disabled
2025-03-28T16:26:16.067-07:00  INFO 36280 --- [casino] [main] com.zaxxer.hikari.HikariDataSource       : HikariPool-6 - Starting...
2025-03-28T16:26:16.067-07:00  INFO 36280 --- [casino] [main] com.zaxxer.hikari.pool.HikariPool        : HikariPool-6 - Added connection conn10: url=jdbc:h2:mem:testdb user=SA
2025-03-28T16:26:16.069-07:00  INFO 36280 --- [casino] [main] com.zaxxer.hikari.HikariDataSource       : HikariPool-6 - Start completed.
2025-03-28T16:26:16.069-07:00  WARN 36280 --- [casino] [main] org.hibernate.orm.deprecation            : HHH90000025: H2Dialect does not need to be specified explicitly using 'hibernate.dialect' (remove the property setting and it will be selected by default)
2025-03-28T16:26:16.076-07:00  INFO 36280 --- [casino] [main] o.s.o.j.p.SpringPersistenceUnitInfo      : No LoadTimeWeaver setup: ignoring JPA class transformer
2025-03-28T16:26:16.171-07:00  INFO 36280 --- [casino] [main] o.h.e.t.j.p.i.JtaPlatformInitiator       : HHH000489: No JTA platform available (set 'hibernate.transaction.jta.platform' to enable JTA platform integration)
2025-03-28T16:26:16.206-07:00  INFO 36280 --- [casino] [main] j.LocalContainerEntityManagerFactoryBean : Initialized JPA EntityManagerFactory for persistence unit 'default'
2025-03-28T16:26:16.309-07:00  INFO 36280 --- [casino] [main] eAuthenticationProviderManagerConfigurer : Global AuthenticationManager configured with AuthenticationProvider bean with name authenticationProvider
2025-03-28T16:26:16.309-07:00  WARN 36280 --- [casino] [main] r$InitializeUserDetailsManagerConfigurer : Global AuthenticationManager configured with an AuthenticationProvider bean. UserDetailsService beans will not be used for username/password login. Consider removing the AuthenticationProvider bean. Alternatively, consider using the UserDetailsService in a manually instantiated DaoAuthenticationProvider.
2025-03-28T16:26:16.441-07:00  INFO 36280 --- [casino] [main] o.s.b.a.h2.H2ConsoleAutoConfiguration    : H2 console available at '/h2-console'. Database available at 'jdbc:h2:mem:testdb'
2025-03-28T16:26:16.478-07:00  INFO 36280 --- [casino] [main] o.omega.casino.services.BetServiceTest   : Started BetServiceTest in 0.755 seconds (process running for 21.818)
2025-03-28T16:26:17.234-07:00  INFO 36280 --- [casino] [main] t.c.s.AnnotationConfigContextLoaderUtils : Could not detect default configuration classes for test class [org.omega.casino.services.GameServiceTest]: GameServiceTest does not declare any static, non-private, non-final, nested classes annotated with @Configuration.
2025-03-28T16:26:17.235-07:00  INFO 36280 --- [casino] [main] .b.t.c.SpringBootTestContextBootstrapper : Found @SpringBootConfiguration org.omega.casino.CasinoApplication for test class org.omega.casino.services.GameServiceTest
2025-03-28T16:26:17.347-07:00  INFO 36280 --- [casino] [main] t.c.s.AnnotationConfigContextLoaderUtils : Could not detect default configuration classes for test class [org.omega.casino.services.GameUploadServiceTest]: GameUploadServiceTest does not declare any static, non-private, non-final, nested classes annotated with @Configuration.
2025-03-28T16:26:17.350-07:00  INFO 36280 --- [casino] [main] .b.t.c.SpringBootTestContextBootstrapper : Found @SpringBootConfiguration org.omega.casino.CasinoApplication for test class org.omega.casino.services.GameUploadServiceTest
2025-03-28T16:26:17.379-07:00  INFO 36280 --- [casino] [main] o.o.c.services.GameUploadServiceTest     : Starting GameUploadServiceTest using Java 17.0.10 with PID 36280 (started by w_hun in c:\Work\java\Workspace\casino)
2025-03-28T16:26:17.379-07:00  INFO 36280 --- [casino] [main] o.o.c.services.GameUploadServiceTest     : No active profile set, falling back to 1 default profile: "default"
2025-03-28T16:26:17.546-07:00  INFO 36280 --- [casino] [main] .s.d.r.c.RepositoryConfigurationDelegate : Bootstrapping Spring Data JPA repositories in DEFAULT mode.
2025-03-28T16:26:17.565-07:00  INFO 36280 --- [casino] [main] .s.d.r.c.RepositoryConfigurationDelegate : Finished Spring Data repository scanning in 18 ms. Found 4 JPA repository interfaces.
2025-03-28T16:26:17.732-07:00  WARN 36280 --- [casino] [main] trationDelegate$BeanPostProcessorChecker : Bean 'org.springframework.ws.config.annotation.DelegatingWsConfiguration' of type [org.springframework.ws.config.annotation.DelegatingWsConfiguration$$SpringCGLIB$$0] is not eligible for getting processed by all BeanPostProcessors (for example: not eligible for auto-proxying). The currently created BeanPostProcessor [annotationActionEndpointMapping] is declared through a non-static factory method on that class; consider declaring it as static instead.
2025-03-28T16:26:17.733-07:00  INFO 36280 --- [casino] [main] .w.s.a.s.AnnotationActionEndpointMapping : Supporting [WS-Addressing August 2004, WS-Addressing 1.0]
2025-03-28T16:26:17.763-07:00  INFO 36280 --- [casino] [main] o.hibernate.jpa.internal.util.LogHelper  : HHH000204: Processing PersistenceUnitInfo [name: default]
2025-03-28T16:26:17.766-07:00  INFO 36280 --- [casino] [main] o.h.c.internal.RegionFactoryInitiator    : HHH000026: Second-level cache disabled
2025-03-28T16:26:17.772-07:00  INFO 36280 --- [casino] [main] com.zaxxer.hikari.HikariDataSource       : HikariPool-7 - Starting...
2025-03-28T16:26:17.824-07:00  INFO 36280 --- [casino] [main] com.zaxxer.hikari.pool.HikariPool        : HikariPool-7 - Added connection org.postgresql.jdbc.PgConnection@23b95c93
2025-03-28T16:26:17.824-07:00  INFO 36280 --- [casino] [main] com.zaxxer.hikari.HikariDataSource       : HikariPool-7 - Start completed.
2025-03-28T16:26:17.839-07:00  INFO 36280 --- [casino] [main] o.s.o.j.p.SpringPersistenceUnitInfo      : No LoadTimeWeaver setup: ignoring JPA class transformer
2025-03-28T16:26:17.915-07:00  INFO 36280 --- [casino] [main] o.h.e.t.j.p.i.JtaPlatformInitiator       : HHH000489: No JTA platform available (set 'hibernate.transaction.jta.platform' to enable JTA platform integration)
2025-03-28T16:26:17.987-07:00  INFO 36280 --- [casino] [main] j.LocalContainerEntityManagerFactoryBean : Initialized JPA EntityManagerFactory for persistence unit 'default'
2025-03-28T16:26:18.109-07:00  INFO 36280 --- [casino] [main] eAuthenticationProviderManagerConfigurer : Global AuthenticationManager configured with AuthenticationProvider bean with name authenticationProvider
2025-03-28T16:26:18.109-07:00  WARN 36280 --- [casino] [main] r$InitializeUserDetailsManagerConfigurer : Global AuthenticationManager configured with an AuthenticationProvider bean. UserDetailsService beans will not be used for username/password login. Consider removing the AuthenticationProvider bean. Alternatively, consider using the UserDetailsService in a manually instantiated DaoAuthenticationProvider.
2025-03-28T16:26:18.268-07:00  INFO 36280 --- [casino] [main] o.o.c.services.GameUploadServiceTest     : Started GameUploadServiceTest in 0.916 seconds (process running for 23.608)
2025-03-28T16:26:18.693-07:00  INFO 36280 --- [casino] [SpringApplicationShutdownHook] j.LocalContainerEntityManagerFactoryBean : Closing JPA EntityManagerFactory for persistence unit 'default'
2025-03-28T16:26:18.696-07:00  INFO 36280 --- [casino] [SpringApplicationShutdownHook] com.zaxxer.hikari.HikariDataSource       : HikariPool-1 - Shutdown initiated...
2025-03-28T16:26:18.710-07:00  INFO 36280 --- [casino] [SpringApplicationShutdownHook] com.zaxxer.hikari.HikariDataSource       : HikariPool-1 - Shutdown completed.
2025-03-28T16:26:18.716-07:00  INFO 36280 --- [casino] [SpringApplicationShutdownHook] j.LocalContainerEntityManagerFactoryBean : Closing JPA EntityManagerFactory for persistence unit 'default'
2025-03-28T16:26:18.717-07:00  INFO 36280 --- [casino] [SpringApplicationShutdownHook] com.zaxxer.hikari.HikariDataSource       : HikariPool-2 - Shutdown initiated...
2025-03-28T16:26:18.721-07:00  INFO 36280 --- [casino] [SpringApplicationShutdownHook] com.zaxxer.hikari.HikariDataSource       : HikariPool-2 - Shutdown completed.
2025-03-28T16:26:18.729-07:00  INFO 36280 --- [casino] [SpringApplicationShutdownHook] j.LocalContainerEntityManagerFactoryBean : Closing JPA EntityManagerFactory for persistence unit 'default'
2025-03-28T16:26:18.732-07:00  INFO 36280 --- [casino] [SpringApplicationShutdownHook] com.zaxxer.hikari.HikariDataSource       : HikariPool-3 - Shutdown initiated...
2025-03-28T16:26:18.743-07:00  INFO 36280 --- [casino] [SpringApplicationShutdownHook] com.zaxxer.hikari.HikariDataSource       : HikariPool-3 - Shutdown completed.
2025-03-28T16:26:18.746-07:00  INFO 36280 --- [casino] [SpringApplicationShutdownHook] j.LocalContainerEntityManagerFactoryBean : Closing JPA EntityManagerFactory for persistence unit 'default'
2025-03-28T16:26:18.748-07:00  INFO 36280 --- [casino] [SpringApplicationShutdownHook] com.zaxxer.hikari.HikariDataSource       : HikariPool-4 - Shutdown initiated...
2025-03-28T16:26:18.756-07:00  INFO 36280 --- [casino] [SpringApplicationShutdownHook] com.zaxxer.hikari.HikariDataSource       : HikariPool-4 - Shutdown completed.
2025-03-28T16:26:18.761-07:00  INFO 36280 --- [casino] [SpringApplicationShutdownHook] j.LocalContainerEntityManagerFactoryBean : Closing JPA EntityManagerFactory for persistence unit 'default'
2025-03-28T16:26:18.763-07:00  INFO 36280 --- [casino] [SpringApplicationShutdownHook] com.zaxxer.hikari.HikariDataSource       : HikariPool-5 - Shutdown initiated...
2025-03-28T16:26:18.766-07:00  INFO 36280 --- [casino] [SpringApplicationShutdownHook] com.zaxxer.hikari.HikariDataSource       : HikariPool-5 - Shutdown completed.
2025-03-28T16:26:18.769-07:00  INFO 36280 --- [casino] [SpringApplicationShutdownHook] j.LocalContainerEntityManagerFactoryBean : Closing JPA EntityManagerFactory for persistence unit 'default'
2025-03-28T16:26:18.770-07:00  INFO 36280 --- [casino] [SpringApplicationShutdownHook] com.zaxxer.hikari.HikariDataSource       : HikariPool-6 - Shutdown initiated...
2025-03-28T16:26:19.255-07:00  INFO 36280 --- [casino] [SpringApplicationShutdownHook] com.zaxxer.hikari.HikariDataSource       : HikariPool-6 - Shutdown completed.
2025-03-28T16:26:19.258-07:00  INFO 36280 --- [casino] [SpringApplicationShutdownHook] j.LocalContainerEntityManagerFactoryBean : Closing JPA EntityManagerFactory for persistence unit 'default'
2025-03-28T16:26:19.260-07:00  INFO 36280 --- [casino] [SpringApplicationShutdownHook] com.zaxxer.hikari.HikariDataSource       : HikariPool-7 - Shutdown initiated...
2025-03-28T16:26:19.261-07:00  INFO 36280 --- [casino] [SpringApplicationShutdownHook] com.zaxxer.hikari.HikariDataSource       : HikariPool-7 - Shutdown completed.
2025-03-28T16:33:20.468-07:00  INFO 7712 --- [casino] [main] org.omega.casino.CasinoApplication       : Starting CasinoApplication using Java 17.0.10 with PID 7712 (C:\Work\java\Workspace\casino\target\classes started by w_hun in C:\Work\java\Workspace\casino)
2025-03-28T16:33:20.471-07:00  INFO 7712 --- [casino] [main] org.omega.casino.CasinoApplication       : No active profile set, falling back to 1 default profile: "default"
2025-03-28T16:33:20.966-07:00  INFO 7712 --- [casino] [main] .s.d.r.c.RepositoryConfigurationDelegate : Bootstrapping Spring Data JPA repositories in DEFAULT mode.
2025-03-28T16:33:21.012-07:00  INFO 7712 --- [casino] [main] .s.d.r.c.RepositoryConfigurationDelegate : Finished Spring Data repository scanning in 41 ms. Found 4 JPA repository interfaces.
2025-03-28T16:33:21.215-07:00  WARN 7712 --- [casino] [main] trationDelegate$BeanPostProcessorChecker : Bean 'org.springframework.ws.config.annotation.DelegatingWsConfiguration' of type [org.springframework.ws.config.annotation.DelegatingWsConfiguration$$SpringCGLIB$$0] is not eligible for getting processed by all BeanPostProcessors (for example: not eligible for auto-proxying). The currently created BeanPostProcessor [annotationActionEndpointMapping] is declared through a non-static factory method on that class; consider declaring it as static instead.
2025-03-28T16:33:21.243-07:00  INFO 7712 --- [casino] [main] .w.s.a.s.AnnotationActionEndpointMapping : Supporting [WS-Addressing August 2004, WS-Addressing 1.0]
2025-03-28T16:33:21.403-07:00  INFO 7712 --- [casino] [main] o.s.b.w.embedded.tomcat.TomcatWebServer  : Tomcat initialized with port 8080 (http)
2025-03-28T16:33:21.413-07:00  INFO 7712 --- [casino] [main] o.apache.catalina.core.StandardService   : Starting service [Tomcat]
2025-03-28T16:33:21.414-07:00  INFO 7712 --- [casino] [main] o.apache.catalina.core.StandardEngine    : Starting Servlet engine: [Apache Tomcat/10.1.25]
2025-03-28T16:33:21.459-07:00  INFO 7712 --- [casino] [main] o.a.c.c.C.[Tomcat].[localhost].[/]       : Initializing Spring embedded WebApplicationContext
2025-03-28T16:33:21.460-07:00  INFO 7712 --- [casino] [main] w.s.c.ServletWebServerApplicationContext : Root WebApplicationContext: initialization completed in 957 ms
2025-03-28T16:33:21.549-07:00  INFO 7712 --- [casino] [main] o.hibernate.jpa.internal.util.LogHelper  : HHH000204: Processing PersistenceUnitInfo [name: default]
2025-03-28T16:33:21.590-07:00  INFO 7712 --- [casino] [main] org.hibernate.Version                    : HHH000412: Hibernate ORM core version 6.5.2.Final
2025-03-28T16:33:21.627-07:00  INFO 7712 --- [casino] [main] o.h.c.internal.RegionFactoryInitiator    : HHH000026: Second-level cache disabled
2025-03-28T16:33:21.708-07:00  INFO 7712 --- [casino] [main] com.zaxxer.hikari.HikariDataSource       : HikariPool-1 - Starting...
2025-03-28T16:33:21.853-07:00  INFO 7712 --- [casino] [main] com.zaxxer.hikari.pool.HikariPool        : HikariPool-1 - Added connection org.postgresql.jdbc.PgConnection@2ae5bd34
2025-03-28T16:33:21.855-07:00  INFO 7712 --- [casino] [main] com.zaxxer.hikari.HikariDataSource       : HikariPool-1 - Start completed.
2025-03-28T16:33:22.096-07:00  INFO 7712 --- [casino] [main] o.s.o.j.p.SpringPersistenceUnitInfo      : No LoadTimeWeaver setup: ignoring JPA class transformer
2025-03-28T16:33:22.810-07:00  INFO 7712 --- [casino] [main] o.h.e.t.j.p.i.JtaPlatformInitiator       : HHH000489: No JTA platform available (set 'hibernate.transaction.jta.platform' to enable JTA platform integration)
2025-03-28T16:33:22.909-07:00  INFO 7712 --- [casino] [main] j.LocalContainerEntityManagerFactoryBean : Initialized JPA EntityManagerFactory for persistence unit 'default'
2025-03-28T16:33:23.100-07:00  INFO 7712 --- [casino] [main] o.s.d.j.r.query.QueryEnhancerFactory     : Hibernate is in classpath; If applicable, HQL parser will be used.
2025-03-28T16:33:23.510-07:00  INFO 7712 --- [casino] [main] eAuthenticationProviderManagerConfigurer : Global AuthenticationManager configured with AuthenticationProvider bean with name authenticationProvider
2025-03-28T16:33:23.510-07:00  WARN 7712 --- [casino] [main] r$InitializeUserDetailsManagerConfigurer : Global AuthenticationManager configured with an AuthenticationProvider bean. UserDetailsService beans will not be used for username/password login. Consider removing the AuthenticationProvider bean. Alternatively, consider using the UserDetailsService in a manually instantiated DaoAuthenticationProvider.
2025-03-28T16:33:23.937-07:00  INFO 7712 --- [casino] [main] o.s.b.w.embedded.tomcat.TomcatWebServer  : Tomcat started on port 8080 (http) with context path '/'
2025-03-28T16:33:23.943-07:00  INFO 7712 --- [casino] [main] org.omega.casino.CasinoApplication       : Started CasinoApplication in 3.798 seconds (process running for 4.216)
2025-03-28T16:33:28.817-07:00  INFO 7712 --- [casino] [SpringApplicationShutdownHook] j.LocalContainerEntityManagerFactoryBean : Closing JPA EntityManagerFactory for persistence unit 'default'
2025-03-28T16:33:28.818-07:00  INFO 7712 --- [casino] [SpringApplicationShutdownHook] com.zaxxer.hikari.HikariDataSource       : HikariPool-1 - Shutdown initiated...
2025-03-28T16:33:28.822-07:00  INFO 7712 --- [casino] [SpringApplicationShutdownHook] com.zaxxer.hikari.HikariDataSource       : HikariPool-1 - Shutdown completed.
2025-03-28T17:07:01.408-07:00  INFO 36332 --- [casino] [main] org.omega.casino.CasinoApplication       : Starting CasinoApplication using Java 17.0.10 with PID 36332 (C:\Work\java\Workspace\casino\target\classes started by w_hun in C:\Work\java\Workspace\casino)
2025-03-28T17:07:01.410-07:00  INFO 36332 --- [casino] [main] org.omega.casino.CasinoApplication       : No active profile set, falling back to 1 default profile: "default"
2025-03-28T17:07:01.940-07:00  INFO 36332 --- [casino] [main] .s.d.r.c.RepositoryConfigurationDelegate : Bootstrapping Spring Data JPA repositories in DEFAULT mode.
2025-03-28T17:07:01.989-07:00  INFO 36332 --- [casino] [main] .s.d.r.c.RepositoryConfigurationDelegate : Finished Spring Data repository scanning in 44 ms. Found 4 JPA repository interfaces.
2025-03-28T17:07:02.202-07:00  WARN 36332 --- [casino] [main] trationDelegate$BeanPostProcessorChecker : Bean 'org.springframework.ws.config.annotation.DelegatingWsConfiguration' of type [org.springframework.ws.config.annotation.DelegatingWsConfiguration$$SpringCGLIB$$0] is not eligible for getting processed by all BeanPostProcessors (for example: not eligible for auto-proxying). The currently created BeanPostProcessor [annotationActionEndpointMapping] is declared through a non-static factory method on that class; consider declaring it as static instead.
2025-03-28T17:07:02.225-07:00  INFO 36332 --- [casino] [main] .w.s.a.s.AnnotationActionEndpointMapping : Supporting [WS-Addressing August 2004, WS-Addressing 1.0]
2025-03-28T17:07:02.401-07:00  INFO 36332 --- [casino] [main] o.s.b.w.embedded.tomcat.TomcatWebServer  : Tomcat initialized with port 8080 (http)
2025-03-28T17:07:02.409-07:00  INFO 36332 --- [casino] [main] o.apache.catalina.core.StandardService   : Starting service [Tomcat]
2025-03-28T17:07:02.409-07:00  INFO 36332 --- [casino] [main] o.apache.catalina.core.StandardEngine    : Starting Servlet engine: [Apache Tomcat/10.1.25]
2025-03-28T17:07:02.456-07:00  INFO 36332 --- [casino] [main] o.a.c.c.C.[Tomcat].[localhost].[/]       : Initializing Spring embedded WebApplicationContext
2025-03-28T17:07:02.456-07:00  INFO 36332 --- [casino] [main] w.s.c.ServletWebServerApplicationContext : Root WebApplicationContext: initialization completed in 1011 ms
2025-03-28T17:07:02.538-07:00  INFO 36332 --- [casino] [main] o.hibernate.jpa.internal.util.LogHelper  : HHH000204: Processing PersistenceUnitInfo [name: default]
2025-03-28T17:07:02.583-07:00  INFO 36332 --- [casino] [main] org.hibernate.Version                    : HHH000412: Hibernate ORM core version 6.5.2.Final
2025-03-28T17:07:02.608-07:00  INFO 36332 --- [casino] [main] o.h.c.internal.RegionFactoryInitiator    : HHH000026: Second-level cache disabled
2025-03-28T17:07:02.691-07:00  INFO 36332 --- [casino] [main] com.zaxxer.hikari.HikariDataSource       : HikariPool-1 - Starting...
2025-03-28T17:07:02.838-07:00  INFO 36332 --- [casino] [main] com.zaxxer.hikari.pool.HikariPool        : HikariPool-1 - Added connection org.postgresql.jdbc.PgConnection@7e2bd5e6
2025-03-28T17:07:02.840-07:00  INFO 36332 --- [casino] [main] com.zaxxer.hikari.HikariDataSource       : HikariPool-1 - Start completed.
2025-03-28T17:07:03.087-07:00  INFO 36332 --- [casino] [main] o.s.o.j.p.SpringPersistenceUnitInfo      : No LoadTimeWeaver setup: ignoring JPA class transformer
2025-03-28T17:07:03.824-07:00  INFO 36332 --- [casino] [main] o.h.e.t.j.p.i.JtaPlatformInitiator       : HHH000489: No JTA platform available (set 'hibernate.transaction.jta.platform' to enable JTA platform integration)
2025-03-28T17:07:03.940-07:00  INFO 36332 --- [casino] [main] j.LocalContainerEntityManagerFactoryBean : Initialized JPA EntityManagerFactory for persistence unit 'default'
2025-03-28T17:07:04.149-07:00  INFO 36332 --- [casino] [main] o.s.d.j.r.query.QueryEnhancerFactory     : Hibernate is in classpath; If applicable, HQL parser will be used.
2025-03-28T17:07:04.584-07:00  INFO 36332 --- [casino] [main] eAuthenticationProviderManagerConfigurer : Global AuthenticationManager configured with AuthenticationProvider bean with name authenticationProvider
2025-03-28T17:07:04.586-07:00  WARN 36332 --- [casino] [main] r$InitializeUserDetailsManagerConfigurer : Global AuthenticationManager configured with an AuthenticationProvider bean. UserDetailsService beans will not be used for username/password login. Consider removing the AuthenticationProvider bean. Alternatively, consider using the UserDetailsService in a manually instantiated DaoAuthenticationProvider.
2025-03-28T17:07:05.046-07:00  INFO 36332 --- [casino] [main] o.s.b.w.embedded.tomcat.TomcatWebServer  : Tomcat started on port 8080 (http) with context path '/'
2025-03-28T17:07:05.053-07:00  INFO 36332 --- [casino] [main] org.omega.casino.CasinoApplication       : Started CasinoApplication in 4.015 seconds (process running for 4.45)
2025-03-28T17:08:38.053-07:00  INFO 36332 --- [casino] [SpringApplicationShutdownHook] j.LocalContainerEntityManagerFactoryBean : Closing JPA EntityManagerFactory for persistence unit 'default'
2025-03-28T17:08:38.055-07:00  INFO 36332 --- [casino] [SpringApplicationShutdownHook] com.zaxxer.hikari.HikariDataSource       : HikariPool-1 - Shutdown initiated...
2025-03-28T17:08:38.056-07:00  INFO 36332 --- [casino] [SpringApplicationShutdownHook] com.zaxxer.hikari.HikariDataSource       : HikariPool-1 - Shutdown completed.
